{"type":"server-started","port":54618,"host":"127.0.0.1","url_host":"localhost","url":"http://localhost:54618","screen_dir":"/Users/jincinga24/Documents/Playground/aips-launchpad/.superpowers/brainstorm/42397-1775381828/content","state_dir":"/Users/jincinga24/Documents/Playground/aips-launchpad/.superpowers/brainstorm/42397-1775381828/state"}
{"type":"screen-added","file":"/Users/jincinga24/Documents/Playground/aips-launchpad/.superpowers/brainstorm/42397-1775381828/content/enhancements-overview.html"}
{"source":"user-event","type":"click","text":"A\n    \n      Animated Hero Background\n      Gradient mesh / aurora / particle effect behind the hero section. Makes the landing feel premium and alive. (Unicorn Studio style)","choice":"hero-bg","id":null,"timestamp":1775381925570}
{"source":"user-event","type":"click","text":"A\n    \n      Animated Hero Background\n      Gradient mesh / aurora / particle effect behind the hero section. Makes the landing feel premium and alive. (Unicorn Studio style)","choice":"hero-bg","id":null,"timestamp":1775381926316}
{"source":"user-event","type":"click","text":"A\n    \n      Animated Hero Background\n      Gradient mesh / aurora / particle effect behind the hero section. Makes the landing feel premium and alive. (Unicorn Studio style)","choice":"hero-bg","id":null,"timestamp":1775381926512}
{"source":"user-event","type":"click","text":"A\n    \n      Animated Hero Background\n      Gradient mesh / aurora / particle effect behind the hero section. Makes the landing feel premium and alive. (Unicorn Studio style)","choice":"hero-bg","id":null,"timestamp":1775381927083}
{"source":"user-event","type":"click","text":"A\n    \n      Animated Hero Background\n      Gradient mesh / aurora / particle effect behind the hero section. Makes the landing feel premium and alive. (Unicorn Studio style)","choice":"hero-bg","id":null,"timestamp":1775381948656}
{"source":"user-event","type":"click","text":"A\n    \n      Animated Hero Background\n      Gradient mesh / aurora / particle effect behind the hero section. Makes the landing feel premium and alive. (Unicorn Studio style)","choice":"hero-bg","id":null,"timestamp":1775381948864}
{"source":"user-event","type":"click","text":"A\n    \n      Animated Hero Background\n      Gradient mesh / aurora / particle effect behind the hero section. Makes the landing feel premium and alive. (Unicorn Studio style)","choice":"hero-bg","id":null,"timestamp":1775381949271}
{"source":"user-event","type":"click","text":"A\n    \n      Animated Hero Background\n      Gradient mesh / aurora / particle effect behind the hero section. Makes the landing feel premium and alive. (Unicorn Studio style)","choice":"hero-bg","id":null,"timestamp":1775381949588}
{"source":"user-event","type":"click","text":"A\n    \n      Animated Hero Background\n      Gradient mesh / aurora / particle effect behind the hero section. Makes the landing feel premium and alive. (Unicorn Studio style)","choice":"hero-bg","id":null,"timestamp":1775381950039}
{"source":"user-event","type":"click","text":"A\n    \n      Animated Hero Background\n      Gradient mesh / aurora / particle effect behind the hero section. Makes the landing feel premium and alive. (Unicorn Studio style)","choice":"hero-bg","id":null,"timestamp":1775381952869}
{"source":"user-event","type":"click","text":"B\n    \n      3D Tilt Project Cards\n      Cards on the Board tilt and glow as you hover — spotlight effect follows the cursor. Feels interactive and playful. (React Bits style)","choice":"tilt-cards","id":null,"timestamp":1775381953302}
{"source":"user-event","type":"click","text":"B\n    \n      3D Tilt Project Cards\n      Cards on the Board tilt and glow as you hover — spotlight effect follows the cursor. Feels interactive and playful. (React Bits style)","choice":"tilt-cards","id":null,"timestamp":1775381954192}
{"source":"user-event","type":"click","text":"C\n    \n      Trading Card Player Cards\n      Player cards styled like holographic trading cards with radar chart, gradient border, and shine effect on hover. The star feature. (React Bits + Unicorn)","choice":"player-cards","id":null,"timestamp":1775381954661}
{"source":"user-event","type":"click","text":"C\n    \n      Trading Card Player Cards\n      Player cards styled like holographic trading cards with radar chart, gradient border, and shine effect on hover. The star feature. (React Bits + Unicorn)","choice":"player-cards","id":null,"timestamp":1775381954987}
{"source":"user-event","type":"click","text":"D\n    \n      Hero Text Animation\n      The headline types in or words fade/slide up on load. Subtle but makes the first impression feel polished. (React Bits style)","choice":"text-anim","id":null,"timestamp":1775381972491}
{"source":"user-event","type":"click","text":"D\n    \n      Hero Text Animation\n      The headline types in or words fade/slide up on load. Subtle but makes the first impression feel polished. (React Bits style)","choice":"text-anim","id":null,"timestamp":1775381972882}
{"source":"user-event","type":"click","text":"D\n    \n      Hero Text Animation\n      The headline types in or words fade/slide up on load. Subtle but makes the first impression feel polished. (React Bits style)","choice":"text-anim","id":null,"timestamp":1775381973349}
{"source":"user-event","type":"click","text":"D\n    \n      Hero Text Animation\n      The headline types in or words fade/slide up on load. Subtle but makes the first impression feel polished. (React Bits style)","choice":"text-anim","id":null,"timestamp":1775381973891}
{"source":"user-event","type":"click","text":"D\n    \n      Hero Text Animation\n      The headline types in or words fade/slide up on load. Subtle but makes the first impression feel polished. (React Bits style)","choice":"text-anim","id":null,"timestamp":1775381974268}
{"source":"user-event","type":"click","text":"D\n    \n      Hero Text Animation\n      The headline types in or words fade/slide up on load. Subtle but makes the first impression feel polished. (React Bits style)","choice":"text-anim","id":null,"timestamp":1775381974673}
{"source":"user-event","type":"click","text":"E\n    \n      Scroll Reveal Animations\n      Sections fade in and slide up as you scroll down. \"How it works\" steps, stats, board cards all animate into view. (Design Spells style)","choice":"scroll-reveal","id":null,"timestamp":1775381976689}
{"source":"user-event","type":"click","text":"E\n    \n      Scroll Reveal Animations\n      Sections fade in and slide up as you scroll down. \"How it works\" steps, stats, board cards all animate into view. (Design Spells style)","choice":"scroll-reveal","id":null,"timestamp":1775381978208}
{"type":"screen-added","file":"/Users/jincinga24/Documents/Playground/aips-launchpad/.superpowers/brainstorm/42397-1775381828/content/visual-demos.html"}
{"type":"screen-added","file":"/Users/jincinga24/Documents/Playground/aips-launchpad/.superpowers/brainstorm/42397-1775381828/content/real-demos.html"}
{"type":"server-stopped","reason":"owner process exited"}
